09:48:04.140 [main] INFO  Client - Added user "Vadim"
09:48:04.143 [main] INFO  Client - Added user "Alex"
09:48:04.143 [main] INFO  Client - Added user "Seva"
09:48:04.144 [main] INFO  Client - Added user "Rad"
09:48:04.144 [main] INFO  Client - Added user "Sasha"
09:48:04.144 [main] INFO  Client - Added user "Ulyana"
09:48:04.145 [main] INFO  Client - Added user "Dima"
09:48:04.146 [main] INFO  Client - Added user "Andy"
09:59:10.513 [main] INFO  Client - Added user "Vadim"
09:59:10.517 [main] INFO  Client - Added user "Alex"
09:59:10.517 [main] INFO  Client - Added user "Seva"
09:59:10.518 [main] INFO  Client - Added user "Rad"
09:59:10.518 [main] INFO  Client - Added user "Sasha"
09:59:10.518 [main] INFO  Client - Added user "Ulyana"
09:59:10.518 [main] INFO  Client - Added user "Dima"
09:59:10.519 [main] INFO  Client - Added user "Andy"
10:05:28.884 [main] INFO  Client - Added user "Vadim"
10:05:28.886 [main] INFO  Client - Added user "Alex"
10:05:28.887 [main] INFO  Client - Added user "Seva"
10:05:28.887 [main] INFO  Client - Added user "Rad"
10:05:28.888 [main] INFO  Client - Added user "Sasha"
10:05:28.888 [main] INFO  Client - Added user "Ulyana"
10:05:28.888 [main] INFO  Client - Added user "Dima"
10:05:28.888 [main] INFO  Client - Added user "Andy"
10:05:28.888 [main] INFO  Client - Added user "Andy"
10:05:53.912 [main] INFO  Client - Added user "Vadim"
10:05:53.915 [main] INFO  Client - Added user "Alex"
10:05:53.915 [main] INFO  Client - Added user "Seva"
10:05:53.915 [main] INFO  Client - Added user "Rad"
10:05:53.915 [main] INFO  Client - Added user "Sasha"
10:05:53.915 [main] INFO  Client - Added user "Ulyana"
10:05:53.916 [main] INFO  Client - Added user "Dima"
10:05:53.916 [main] INFO  Client - Added user "Andy"
10:08:09.817 [main] INFO  Client - Added user "Vadim"
10:08:09.819 [main] INFO  Client - Added user "Alex"
10:08:09.819 [main] INFO  Client - Added user "Seva"
10:08:09.819 [main] INFO  Client - Added user "Rad"
10:08:09.819 [main] INFO  Client - Added user "Sasha"
10:08:09.820 [main] INFO  Client - Added user "Ulyana"
10:08:09.820 [main] INFO  Client - Added user "Dima"
10:08:09.820 [main] INFO  Client - Added user "Andy"
